<?xml version="1.0" encoding="UTF-8" standalone="no"?>
<testsuite failures="0" name="cucumber.runtime.formatter.JUnitFormatter" skipped="0" tests="2" time="0">
<testcase classname="Login" name="Login Validation" time="0">
<system-out><![CDATA[Given Test URl already launched.............................................skipped
When user enters login credentials..........................................skipped
Then closing browser........................................................skipped
]]></system-out>
</testcase>
<testcase classname="Login" name="Login Validation" time="0">
<system-out><![CDATA[Given Test URl already launched.............................................skipped
When user enters login credentials..........................................skipped
Then closing browser........................................................skipped
]]></system-out>
</testcase>
</testsuite>
